<?xml version="1.0" encoding="UTF-8"?>
<testsuite xmlns:xsi="http://www.w3.org/2001/XMLSchema-instance" xsi:noNamespaceSchemaLocation="https://maven.apache.org/surefire/maven-surefire-plugin/xsd/surefire-test-report-3.0.xsd" version="3.0" name="testRunner.TestRunner" time="2.389" tests="1" errors="1" skipped="0" failures="0">
  <properties>
[...]
</properties>
  <testcase name="" classname="testRunner.TestRunner" time="2.387">
    <error message="There were 2 exceptions. The details are in the stacktrace below." type="io.cucumber.core.exception.CompositeCucumberException"><![CDATA[io.cucumber.core.exception.CompositeCucumberException: There were 2 exceptions. The details are in the stacktrace below.
]]></error>
    <system-out><![CDATA[&amp#27;[31mio.cucumber.core.exception.CompositeCucumberException: There were 2 exceptions. The details are in the stacktrace below.
	at io.cucumber.core.runtime.RethrowingThrowableCollector.getThrowable(RethrowingThrowableCollector.java:57)
	at io.cucumber.core.runtime.CucumberExecutionContext.getThrowable(CucumberExecutionContext.java:108)
	at io.cucumber.core.runtime.CucumberExecutionContext.finishTestRun(CucumberExecutionContext.java:103)
	at io.cucumber.core.runtime.CucumberExecutionContext.runFeatures(CucumberExecutionContext.java:152)
	at io.cucumber.junit.Cucumber$StartAndFinishTestRun.evaluate(Cucumber.java:229)
	at org.junit.runners.ParentRunner$3.evaluate(ParentRunner.java:306)
	at org.junit.runners.ParentRunner.run(ParentRunner.java:413)
	at org.apache.maven.surefire.junit4.JUnit4Provider.execute(JUnit4Provider.java:364)
	at org.apache.maven.surefire.junit4.JUnit4Provider.executeWithRerun(JUnit4Provider.java:272)
	at org.apache.maven.surefire.junit4.JUnit4Provider.executeTestSet(JUnit4Provider.java:237)
	at org.apache.maven.surefire.junit4.JUnit4Provider.invoke(JUnit4Provider.java:158)
	at org.apache.maven.surefire.booter.ForkedBooter.runSuitesInProcess(ForkedBooter.java:428)
	at org.apache.maven.surefire.booter.ForkedBooter.execute(ForkedBooter.java:162)
	at org.apache.maven.surefire.booter.ForkedBooter.run(ForkedBooter.java:562)
	at org.apache.maven.surefire.booter.ForkedBooter.main(ForkedBooter.java:548)
	Suppressed: java.lang.UnsupportedClassVersionError: org/openqa/selenium/WebDriver has been compiled by a more recent version of the Java Runtime (class file version 55.0), this version of the Java Runtime only recognizes class file versions up to 52.0
		at java.lang.ClassLoader.defineClass1(Native Method)
		at java.lang.ClassLoader.defineClass(ClassLoader.java:763)
		at java.security.SecureClassLoader.defineClass(SecureClassLoader.java:142)
		at java.net.URLClassLoader.defineClass(URLClassLoader.java:468)
		at java.net.URLClassLoader.access$100(URLClassLoader.java:74)
		at java.net.URLClassLoader$1.run(URLClassLoader.java:369)
		at java.net.URLClassLoader$1.run(URLClassLoader.java:363)
		at java.security.AccessController.doPrivileged(Native Method)
		at java.net.URLClassLoader.findClass(URLClassLoader.java:362)
		at java.lang.ClassLoader.loadClass(ClassLoader.java:424)
		at sun.misc.Launcher$AppClassLoader.loadClass(Launcher.java:349)
		at java.lang.ClassLoader.loadClass(ClassLoader.java:357)
		at java.lang.Class.getDeclaredMethods0(Native Method)
		at java.lang.Class.privateGetDeclaredMethods(Class.java:2701)
		at java.lang.Class.privateGetPublicMethods(Class.java:2902)
		at java.lang.Class.getMethods(Class.java:1615)
		at io.cucumber.java.MethodScanner.safelyGetMethods(MethodScanner.java:39)
		at io.cucumber.java.MethodScanner.scan(MethodScanner.java:32)
		at io.cucumber.java.JavaBackend.lambda$loadGlue$2(JavaBackend.java:41)
		at java.util.stream.ForEachOps$ForEachOp$OfRef.accept(ForEachOps.java:184)
		at java.util.stream.DistinctOps$1$2.accept(DistinctOps.java:175)
		at java.util.ArrayList$ArrayListSpliterator.forEachRemaining(ArrayList.java:1382)
		at java.util.stream.ReferencePipeline$Head.forEach(ReferencePipeline.java:580)
		at java.util.stream.ReferencePipeline$7$1.accept(ReferencePipeline.java:270)
		at java.util.stream.ReferencePipeline$3$1.accept(ReferencePipeline.java:193)
		at java.util.stream.ReferencePipeline$3$1.accept(ReferencePipeline.java:193)
		at java.util.stream.ReferencePipeline$2$1.accept(ReferencePipeline.java:175)
		at java.util.ArrayList$ArrayListSpliterator.forEachRemaining(ArrayList.java:1382)
		at java.util.stream.AbstractPipeline.copyInto(AbstractPipeline.java:481)
		at java.util.stream.AbstractPipeline.wrapAndCopyInto(AbstractPipeline.java:471)
		at java.util.stream.ForEachOps$ForEachOp.evaluateSequential(ForEachOps.java:151)
		at java.util.stream.ForEachOps$ForEachOp$OfRef.evaluateSequential(ForEachOps.java:174)
		at java.util.stream.AbstractPipeline.evaluate(AbstractPipeline.java:234)
		at java.util.stream.ReferencePipeline.forEach(ReferencePipeline.java:418)
		at io.cucumber.java.JavaBackend.loadGlue(JavaBackend.java:41)
		at io.cucumber.core.runner.Runner.<init>(Runner.java:56)
		at io.cucumber.core.runtime.ThreadLocalRunnerSupplier.createRunner(ThreadLocalRunnerSupplier.java:47)
		at java.lang.ThreadLocal$SuppliedThreadLocal.initialValue(ThreadLocal.java:284)
		at java.lang.ThreadLocal.setInitialValue(ThreadLocal.java:180)
		at java.lang.ThreadLocal.get(ThreadLocal.java:170)
		at io.cucumber.core.runtime.ThreadLocalRunnerSupplier.get(ThreadLocalRunnerSupplier.java:40)
		at io.cucumber.core.runtime.RethrowingThrowableCollector.executeAndThrow(RethrowingThrowableCollector.java:35)
		at io.cucumber.core.runtime.CucumberExecutionContext.getRunner(CucumberExecutionContext.java:140)
		at io.cucumber.core.runtime.CucumberExecutionContext.runBeforeAllHooks(CucumberExecutionContext.java:92)
		at io.cucumber.core.runtime.CucumberExecutionContext.lambda$runFeatures$6(CucumberExecutionContext.java:146)
		at io.cucumber.core.runtime.CucumberExecutionContext.execute(CucumberExecutionContext.java:162)
		at io.cucumber.core.runtime.CucumberExecutionContext.runFeatures(CucumberExecutionContext.java:145)
		... 11 more
	Suppressed: java.lang.UnsupportedClassVersionError: org/openqa/selenium/WebDriver has been compiled by a more recent version of the Java Runtime (class file version 55.0), this version of the Java Runtime only recognizes class file versions up to 52.0
		at java.lang.ClassLoader.defineClass1(Native Method)
		at java.lang.ClassLoader.defineClass(ClassLoader.java:763)
		at java.security.SecureClassLoader.defineClass(SecureClassLoader.java:142)
		at java.net.URLClassLoader.defineClass(URLClassLoader.java:468)
		at java.net.URLClassLoader.access$100(URLClassLoader.java:74)
		at java.net.URLClassLoader$1.run(URLClassLoader.java:369)
		at java.net.URLClassLoader$1.run(URLClassLoader.java:363)
		at java.security.AccessController.doPrivileged(Native Method)
		at java.net.URLClassLoader.findClass(URLClassLoader.java:362)
		at java.lang.ClassLoader.loadClass(ClassLoader.java:424)
		at sun.misc.Launcher$AppClassLoader.loadClass(Launcher.java:349)
		at java.lang.ClassLoader.loadClass(ClassLoader.java:357)
		at java.lang.Class.getDeclaredMethods0(Native Method)
		at java.lang.Class.privateGetDeclaredMethods(Class.java:2701)
		at java.lang.Class.privateGetPublicMethods(Class.java:2902)
		at java.lang.Class.getMethods(Class.java:1615)
		at io.cucumber.java.MethodScanner.safelyGetMethods(MethodScanner.java:39)
		at io.cucumber.java.MethodScanner.scan(MethodScanner.java:32)
		at io.cucumber.java.JavaBackend.lambda$loadGlue$2(JavaBackend.java:41)
		at java.util.stream.ForEachOps$ForEachOp$OfRef.accept(ForEachOps.java:184)
		at java.util.stream.DistinctOps$1$2.accept(DistinctOps.java:175)
		at java.util.ArrayList$ArrayListSpliterator.forEachRemaining(ArrayList.java:1382)
		at java.util.stream.ReferencePipeline$Head.forEach(ReferencePipeline.java:580)
		at java.util.stream.ReferencePipeline$7$1.accept(ReferencePipeline.java:270)
		at java.util.stream.ReferencePipeline$3$1.accept(ReferencePipeline.java:193)
		at java.util.stream.ReferencePipeline$3$1.accept(ReferencePipeline.java:193)
		at java.util.stream.ReferencePipeline$2$1.accept(ReferencePipeline.java:175)
		at java.util.ArrayList$ArrayListSpliterator.forEachRemaining(ArrayList.java:1382)
		at java.util.stream.AbstractPipeline.copyInto(AbstractPipeline.java:481)
		at java.util.stream.AbstractPipeline.wrapAndCopyInto(AbstractPipeline.java:471)
		at java.util.stream.ForEachOps$ForEachOp.evaluateSequential(ForEachOps.java:151)
		at java.util.stream.ForEachOps$ForEachOp$OfRef.evaluateSequential(ForEachOps.java:174)
		at java.util.stream.AbstractPipeline.evaluate(AbstractPipeline.java:234)
		at java.util.stream.ReferencePipeline.forEach(ReferencePipeline.java:418)
		at io.cucumber.java.JavaBackend.loadGlue(JavaBackend.java:41)
		at io.cucumber.core.runner.Runner.<init>(Runner.java:56)
		at io.cucumber.core.runtime.ThreadLocalRunnerSupplier.createRunner(ThreadLocalRunnerSupplier.java:47)
		at java.lang.ThreadLocal$SuppliedThreadLocal.initialValue(ThreadLocal.java:284)
		at java.lang.ThreadLocal.setInitialValue(ThreadLocal.java:180)
		at java.lang.ThreadLocal.get(ThreadLocal.java:170)
		at io.cucumber.core.runtime.ThreadLocalRunnerSupplier.get(ThreadLocalRunnerSupplier.java:40)
		at io.cucumber.core.runtime.RethrowingThrowableCollector.executeAndThrow(RethrowingThrowableCollector.java:35)
		at io.cucumber.core.runtime.CucumberExecutionContext.getRunner(CucumberExecutionContext.java:140)
		at io.cucumber.core.runtime.CucumberExecutionContext.runAfterAllHooks(CucumberExecutionContext.java:97)
		at io.cucumber.core.runtime.CucumberExecutionContext.execute(CucumberExecutionContext.java:162)
		at io.cucumber.core.runtime.CucumberExecutionContext.runFeatures(CucumberExecutionContext.java:150)
		... 11 more&amp#27;[0m
]]></system-out>
  </testcase>
</testsuite>