<?xml version="1.0" encoding="UTF-8"?>
<testsuite xmlns:xsi="http://www.w3.org/2001/XMLSchema-instance" xsi:noNamespaceSchemaLocation="https://maven.apache.org/surefire/maven-surefire-plugin/xsd/surefire-test-report-3.0.xsd" version="3.0" name="testRunner.TestRunner" time="8.626" tests="1" errors="0" skipped="0" failures="0">
  <properties>
[...]
</properties>
  <testcase name="Want to open google.com" classname="practice" time="6.564">
    <system-out><![CDATA[
@tag1
Scenario: Want to open google.com &amp#27;[90m# src/test/java/features/practice.feature:5&amp#27;[0m
User is in User have the url. Number of elements with google image
  &amp#27;[32mGiven &amp#27;[0m&amp#27;[32mUser have the url&amp#27;[0m         &amp#27;[90m# stepDefinitions.PracticeSteps.user_have_the_url()&amp#27;[0m
User is in User open it. Number of elements with google image = 1
  &amp#27;[32mAnd &amp#27;[0m&amp#27;[32mUser open it&amp#27;[0m                &amp#27;[90m# stepDefinitions.PracticeSteps.user_open_it()&amp#27;[0m
]]></system-out>
  </testcase>
</testsuite>